{"numTotalTestSuites":2,"numPassedTestSuites":0,"numFailedTestSuites":2,"numPendingTestSuites":0,"numTotalTests":4,"numPassedTests":0,"numFailedTests":1,"numPendingTests":3,"numTodoTests":0,"snapshot":{"added":0,"failure":false,"filesAdded":0,"filesRemoved":0,"filesRemovedList":[],"filesUnmatched":0,"filesUpdated":0,"matched":0,"total":0,"unchecked":0,"uncheckedKeysByFile":[],"unmatched":0,"updated":0,"didUpdate":false},"startTime":1788194077201,"success":false,"testResults":[{"assertionResults":[{"ancestorTitles":["parseAIResponse"],"fullName":"parseAIResponse 'analytics metrics'","status":"skipped","title":"'analytics metrics'","failureMessages":[],"meta":{}},{"ancestorTitles":["parseAIResponse"],"fullName":"parseAIResponse 'action items'","status":"skipped","title":"'action items'","failureMessages":[],"meta":{}},{"ancestorTitles":["parseAIResponse"],"fullName":"parseAIResponse 'mixed content'","status":"skipped","title":"'mixed content'","failureMessages":[],"meta":{}},{"ancestorTitles":["parseAIResponse"],"fullName":"parseAIResponse 'question and insights'","status":"failed","title":"'question and insights'","duration":29.948300000000017,"failureMessages":["AssertionError: expected 2 to be 1 // Object.is equality\n    at D:\\Project\\readable-ai\\apps\\dashboard\\lib\\core\\parser.test.ts:42:35\n    at file:///D:/Project/readable-ai/apps/dashboard/node_modules/.pnpm/@vitest+runner@3.2.7/node_modules/@vitest/runner/dist/chunk-hooks.js:863:59\n    at file:///D:/Project/readable-ai/apps/dashboard/node_modules/.pnpm/@vitest+runner@3.2.7/node_modules/@vitest/runner/dist/chunk-hooks.js:155:11\n    at file:///D:/Project/readable-ai/apps/dashboard/node_modules/.pnpm/@vitest+runner@3.2.7/node_modules/@vitest/runner/dist/chunk-hooks.js:752:26\n    at file:///D:/Project/readable-ai/apps/dashboard/node_modules/.pnpm/@vitest+runner@3.2.7/node_modules/@vitest/runner/dist/chunk-hooks.js:1897:20\n    at new Promise (<anonymous>)\n    at runWithTimeout (file:///D:/Project/readable-ai/apps/dashboard/node_modules/.pnpm/@vitest+runner@3.2.7/node_modules/@vitest/runner/dist/chunk-hooks.js:1863:10)\n    at runTest (file:///D:/Project/readable-ai/apps/dashboard/node_modules/.pnpm/@vitest+runner@3.2.7/node_modules/@vitest/runner/dist/chunk-hooks.js:1574:12)\n    at processTicksAndRejections (node:internal/process/task_queues:105:5)\n    at runSuite (file:///D:/Project/readable-ai/apps/dashboard/node_modules/.pnpm/@vitest+runner@3.2.7/node_modules/@vitest/runner/dist/chunk-hooks.js:1729:8)"],"meta":{}}],"startTime":1788194079399,"endTime":1788194079428.9482,"status":"failed","message":"","name":"D:/Project/readable-ai/apps/dashboard/lib/core/parser.test.ts"}]}